<?xml version="1.0" encoding="UTF-8"?>
<testsuites name="jest tests" tests="1" failures="0" errors="0" time="0.935">
  <testsuite name="unit test suite" errors="0" failures="0" skipped="0" timestamp="2024-04-10T15:01:08" time="0.759" tests="1">
    <testcase classname="unit test suite should throw error" name="unit test suite should throw error" time="0.003">
    </testcase>
  </testsuite>
</testsuites>